TN:
SF:src/router.ts
FN:27,(anonymous_0)
FN:44,(anonymous_1)
FNF:2
FNH:2
FNDA:3,(anonymous_0)
FNDA:5,(anonymous_1)
DA:1,2
DA:2,2
DA:3,2
DA:4,2
DA:6,2
DA:9,2
DA:10,2
DA:20,2
DA:27,3
DA:34,2
DA:44,5
DA:53,2
DA:61,2
DA:69,2
LF:14
LH:14
BRF:0
BRH:0
end_of_record
TN:
SF:src/server.ts
FN:7,connectDB
FN:26,(anonymous_2)
FNF:2
FNH:2
FNDA:2,connectDB
FNDA:1,(anonymous_2)
DA:1,2
DA:2,2
DA:3,2
DA:4,2
DA:7,2
DA:8,2
DA:9,2
DA:10,1
DA:14,1
DA:19,2
DA:22,2
DA:24,2
DA:26,2
DA:27,1
DA:30,2
LF:15
LH:15
BRF:0
BRH:0
end_of_record
TN:
SF:src/config/db.ts
FNF:0
FNH:0
DA:1,2
DA:2,2
DA:3,2
DA:5,2
DA:10,2
LF:5
LH:5
BRF:0
BRH:0
end_of_record
TN:
SF:src/handlers/product.ts
FN:5,(anonymous_1)
FN:16,(anonymous_2)
FN:30,(anonymous_3)
FN:36,(anonymous_4)
FN:54,(anonymous_5)
FN:72,(anonymous_6)
FNF:6
FNH:6
FNDA:2,(anonymous_1)
FNDA:2,(anonymous_2)
FNDA:1,(anonymous_3)
FNDA:2,(anonymous_4)
FNDA:2,(anonymous_5)
FNDA:3,(anonymous_6)
DA:2,2
DA:5,2
DA:6,2
DA:12,2
DA:16,2
DA:17,2
DA:18,2
DA:20,2
DA:21,1
DA:26,1
DA:30,2
DA:31,1
DA:32,1
DA:36,2
DA:37,2
DA:38,2
DA:40,2
DA:41,1
DA:47,1
DA:48,1
DA:50,1
DA:54,2
DA:55,2
DA:56,2
DA:58,2
DA:59,1
DA:65,1
DA:66,1
DA:68,1
DA:72,2
DA:73,3
DA:74,3
DA:76,3
DA:77,2
DA:82,1
DA:83,1
LF:36
LH:36
BRDA:20,0,0,1
BRDA:20,0,1,1
BRDA:40,1,0,1
BRDA:40,1,1,1
BRDA:58,2,0,1
BRDA:58,2,1,1
BRDA:76,3,0,2
BRDA:76,3,1,1
BRF:8
BRH:8
end_of_record
TN:
SF:src/middleware/index.ts
FN:4,(anonymous_0)
FNF:1
FNH:1
FNDA:18,(anonymous_0)
DA:2,2
DA:4,2
DA:6,18
DA:7,18
DA:9,8
DA:11,10
LF:6
LH:6
BRDA:7,0,0,8
BRDA:7,0,1,10
BRF:2
BRH:2
end_of_record
TN:
SF:src/models/Product.model.ts
FNF:0
FNH:0
DA:1,3
DA:7,3
DA:11,3
DA:16,3
DA:22,3
DA:24,3
LF:6
LH:6
BRF:0
BRH:0
end_of_record
